Vivado Simulator 2019.1
Copyright 1986-1999, 2001-2019 Xilinx, Inc. All Rights Reserved.
Running: C:/Xilinx/Vivado/2019.1/bin/unwrapped/win64.o/xelab.exe -wto 462e4b1143564ec893239dcb34345b7d --incr --debug typical --relax --mt 2 --maxdelay -L xil_defaultlib -L simprims_ver -L secureip --snapshot TB_MIPS16_time_impl -transport_int_delays -pulse_r 0 -pulse_int_r 0 -pulse_e 0 -pulse_int_e 0 xil_defaultlib.TB_MIPS16 xil_defaultlib.glbl -log elaborate.log 
Using 2 slave threads.
Starting static elaboration
Completed static elaboration
Starting simulation data flow analysis
Completed simulation data flow analysis
INFO: [XSIM 43-3451] SDF backannotation process started with SDF file "TB_MIPS16_time_impl.sdf", for root module "TB_MIPS16/DUT".
INFO: [XSIM 43-3452] SDF backannotation was successful for SDF file "TB_MIPS16_time_impl.sdf", for root module "TB_MIPS16/DUT".
Time Resolution for simulation is 1ps
Compiling module simprims_ver.OBUF
Compiling module simprims_ver.BUFG
Compiling module simprims_ver.IBUF
Compiling module simprims_ver.LUT5
Compiling module simprims_ver.x_lut1_mux2
Compiling module simprims_ver.LUT1
Compiling module simprims_ver.LUT6
Compiling module simprims_ver.FDRE_default
Compiling module simprims_ver.DSP48E1(ACASCREG=0,ALUMODEREG=0,...
Compiling module simprims_ver.CARRY4
Compiling module simprims_ver.LUT4
Compiling module simprims_ver.x_lut3_mux8
Compiling module simprims_ver.LUT3
Compiling module simprims_ver.x_lut2_mux4
Compiling module simprims_ver.LUT2
Compiling module xil_defaultlib.ALU
Compiling module xil_defaultlib.Datamem
Compiling module simprims_ver.RAMD32
Compiling module simprims_ver.RAMS32
Compiling module xil_defaultlib.RAM32M_UNIQ_BASE_
Compiling module xil_defaultlib.RAM32M_HD46
Compiling module xil_defaultlib.RAM32M_HD47
Compiling module xil_defaultlib.RAM32M_HD48
Compiling module xil_defaultlib.RAM32M_HD49
Compiling module xil_defaultlib.RAM32M_HD50
Compiling module xil_defaultlib.Regfile
Compiling module xil_defaultlib.Datapath
Compiling module xil_defaultlib.MIPS16
Compiling module xil_defaultlib.TB_MIPS16
Compiling module xil_defaultlib.glbl
Built simulation snapshot TB_MIPS16_time_impl
